[main] 2021-08-15 12:09:06 INFO  com.revature.Main  - =======================================================================
[main] 2021-08-15 12:09:06 INFO  com.revature.Main  - Hello User, Welcome to Arnab's Console Based Online Shopping App
[main] 2021-08-15 12:09:06 INFO  com.revature.Main  - =======================================================================
[main] 2021-08-15 12:09:06 INFO  com.revature.Main  - Enter 1 to login as an Employee

[main] 2021-08-15 12:09:06 INFO  com.revature.Main  - Enter 2 to login as an Customer

[main] 2021-08-15 12:09:06 INFO  com.revature.Main  - Enter 3 to register as a Customer

[main] 2021-08-15 12:35:19 INFO  com.revature.Main  - =======================================================================
[main] 2021-08-15 12:35:19 INFO  com.revature.Main  - Hello User, Welcome to Arnab's Console Based Online Shopping App
[main] 2021-08-15 12:35:19 INFO  com.revature.Main  - =======================================================================
[main] 2021-08-15 12:35:19 INFO  com.revature.Main  - Enter 1 to login as an Employee

[main] 2021-08-15 12:35:19 INFO  com.revature.Main  - Enter 2 to login as an Customer

[main] 2021-08-15 12:35:19 INFO  com.revature.Main  - Enter 3 to register as a Customer

[main] 2021-08-15 12:35:24 INFO  com.revature.Main  - Enter your username

[main] 2021-08-15 12:35:54 INFO  com.revature.Main  - Enter your password

[main] 2021-08-15 13:55:30 INFO  com.revature.Main  - =======================================================================
[main] 2021-08-15 13:55:30 INFO  com.revature.Main  - Hello User, Welcome to Arnab's Console Based Online Shopping App
[main] 2021-08-15 13:55:30 INFO  com.revature.Main  - =======================================================================
[main] 2021-08-15 13:55:30 INFO  com.revature.Main  - Enter 1 to login as an Employee

[main] 2021-08-15 13:55:30 INFO  com.revature.Main  - Enter 2 to login as an Customer

[main] 2021-08-15 13:55:30 INFO  com.revature.Main  - Enter 3 to register as a Customer

[main] 2021-08-15 13:55:33 INFO  com.revature.Main  - Enter your email id

[main] 2021-08-15 13:55:48 ERROR com.revature.dao.impl.EmployeeDaoImpl  - java.sql.SQLSyntaxErrorException: Table 'rev_player.employee' doesn't exist
[main] 2021-08-15 13:55:48 WARN  com.revature.Main  - Internal error occured contact your System administrator
[main] 2021-08-15 13:58:32 INFO  com.revature.Main  - =======================================================================
[main] 2021-08-15 13:58:32 INFO  com.revature.Main  - Hello User, Welcome to Arnab's Console Based Online Shopping App
[main] 2021-08-15 13:58:32 INFO  com.revature.Main  - =======================================================================
[main] 2021-08-15 13:58:32 INFO  com.revature.Main  - Enter 1 to login as an Employee

[main] 2021-08-15 13:58:32 INFO  com.revature.Main  - Enter 2 to login as an Customer

[main] 2021-08-15 13:58:32 INFO  com.revature.Main  - Enter 3 to register as a Customer

[main] 2021-08-15 13:58:34 INFO  com.revature.Main  - Enter your email id

[main] 2021-08-15 13:58:37 ERROR com.revature.dao.impl.EmployeeDaoImpl  - java.sql.SQLSyntaxErrorException: Table 'rev_player.employee' doesn't exist
[main] 2021-08-15 13:58:37 WARN  com.revature.Main  - Internal error occured contact your System administrator
[main] 2021-08-15 13:59:45 INFO  com.revature.Main  - =======================================================================
[main] 2021-08-15 13:59:45 INFO  com.revature.Main  - Hello User, Welcome to Arnab's Console Based Online Shopping App
[main] 2021-08-15 13:59:45 INFO  com.revature.Main  - =======================================================================
[main] 2021-08-15 13:59:45 INFO  com.revature.Main  - Enter 1 to login as an Employee

[main] 2021-08-15 13:59:45 INFO  com.revature.Main  - Enter 2 to login as an Customer

[main] 2021-08-15 13:59:45 INFO  com.revature.Main  - Enter 3 to register as a Customer

[main] 2021-08-15 13:59:50 INFO  com.revature.Main  - Enter your email id

[main] 2021-08-15 13:59:53 WARN  com.revature.Main  - Please enter correct username
[main] 2021-08-15 14:01:39 INFO  com.revature.Main  - =======================================================================
[main] 2021-08-15 14:01:39 INFO  com.revature.Main  - Hello User, Welcome to Arnab's Console Based Online Shopping App
[main] 2021-08-15 14:01:39 INFO  com.revature.Main  - =======================================================================
[main] 2021-08-15 14:01:39 INFO  com.revature.Main  - Enter 1 to login as an Employee

[main] 2021-08-15 14:01:39 INFO  com.revature.Main  - Enter 2 to login as an Customer

[main] 2021-08-15 14:01:39 INFO  com.revature.Main  - Enter 3 to register as a Customer

[main] 2021-08-15 14:01:41 INFO  com.revature.Main  - Enter your email id

[main] 2021-08-15 14:02:12 INFO  com.revature.Main  - =======================================================================
[main] 2021-08-15 14:02:12 INFO  com.revature.Main  - Hello User, Welcome to Arnab's Console Based Online Shopping App
[main] 2021-08-15 14:02:12 INFO  com.revature.Main  - =======================================================================
[main] 2021-08-15 14:02:12 INFO  com.revature.Main  - Enter 1 to login as an Employee

[main] 2021-08-15 14:02:12 INFO  com.revature.Main  - Enter 2 to login as an Customer

[main] 2021-08-15 14:02:12 INFO  com.revature.Main  - Enter 3 to register as a Customer

[main] 2021-08-15 14:02:14 INFO  com.revature.Main  - Enter your email id

[main] 2021-08-15 14:02:18 INFO  com.revature.Main  - Enter your password

[main] 2021-08-15 14:02:21 INFO  com.revature.Main  - =======================================================================
[main] 2021-08-15 14:02:21 INFO  com.revature.Main  - Hello User, Welcome to Arnab's Console Based Online Shopping App
[main] 2021-08-15 14:02:21 INFO  com.revature.Main  - =======================================================================
[main] 2021-08-15 14:02:21 INFO  com.revature.Main  - Enter 1 to login as an Employee

[main] 2021-08-15 14:02:21 INFO  com.revature.Main  - Enter 2 to login as an Customer

[main] 2021-08-15 14:02:21 INFO  com.revature.Main  - Enter 3 to register as a Customer

[main] 2021-08-15 14:02:23 INFO  com.revature.Main  - Enter your email id

[main] 2021-08-15 14:02:26 WARN  com.revature.Main  - Please enter correct username
[main] 2021-08-15 14:02:26 INFO  com.revature.Main  - Enter your password

[main] 2021-08-15 14:27:50 INFO  com.revature.Main  - =======================================================================
[main] 2021-08-15 14:27:50 INFO  com.revature.Main  - Hello User, Welcome to Arnab's Console Based Online Shopping App
[main] 2021-08-15 14:27:50 INFO  com.revature.Main  - =======================================================================
[main] 2021-08-15 14:27:50 INFO  com.revature.Main  - Enter 1 to login as an Employee

[main] 2021-08-15 14:27:50 INFO  com.revature.Main  - Enter 2 to login as an Customer

[main] 2021-08-15 14:27:50 INFO  com.revature.Main  - Enter 3 to register as a Customer

[main] 2021-08-15 14:27:53 INFO  com.revature.Main  - Enter your email id

[main] 2021-08-15 14:28:05 INFO  com.revature.Main  - Enter your password

[main] 2021-08-15 14:28:05 ERROR com.revature.dao.impl.EmployeeDaoImpl  - com.app.exception.BusinessException: Internal error occurred,please contact support
[main] 2021-08-15 14:28:05 WARN  com.revature.Main  - Internal error occured contact your System administrator
[main] 2021-08-15 14:34:59 INFO  com.revature.Main  - =======================================================================
[main] 2021-08-15 14:34:59 INFO  com.revature.Main  - Hello User, Welcome to Arnab's Console Based Online Shopping App
[main] 2021-08-15 14:34:59 INFO  com.revature.Main  - =======================================================================
[main] 2021-08-15 14:34:59 INFO  com.revature.Main  - Enter 1 to login as an Employee

[main] 2021-08-15 14:34:59 INFO  com.revature.Main  - Enter 2 to login as an Customer

[main] 2021-08-15 14:34:59 INFO  com.revature.Main  - Enter 3 to register as a Customer

[main] 2021-08-15 14:35:01 INFO  com.revature.Main  - Enter your email id

[main] 2021-08-15 14:35:02 ERROR com.revature.dao.impl.EmployeeDaoImpl  - com.app.exception.BusinessException: Internal error occurred,please contact support
[main] 2021-08-15 14:35:02 WARN  com.revature.Main  - Internal error occured contact your System administrator
[main] 2021-08-15 14:46:56 INFO  com.revature.Main  - =======================================================================
[main] 2021-08-15 14:46:56 INFO  com.revature.Main  - Hello User, Welcome to Arnab's Console Based Online Shopping App
[main] 2021-08-15 14:46:56 INFO  com.revature.Main  - =======================================================================
[main] 2021-08-15 14:46:56 INFO  com.revature.Main  - Enter 1 to login as an Employee

[main] 2021-08-15 14:46:56 INFO  com.revature.Main  - Enter 2 to login as an Customer

[main] 2021-08-15 14:46:56 INFO  com.revature.Main  - Enter 3 to register as a Customer

[main] 2021-08-15 14:46:59 INFO  com.revature.Main  - Enter your email id

[main] 2021-08-15 14:47:00 INFO  com.revature.Main  - Try once again
[main] 2021-08-15 14:55:46 INFO  com.revature.Main  - =======================================================================
[main] 2021-08-15 14:55:46 INFO  com.revature.Main  - Hello User, Welcome to Arnab's Console Based Online Shopping App
[main] 2021-08-15 14:55:46 INFO  com.revature.Main  - =======================================================================
[main] 2021-08-15 14:55:46 INFO  com.revature.Main  - Enter 1 to login as an Employee

[main] 2021-08-15 14:55:46 INFO  com.revature.Main  - Enter 2 to login as an Customer

[main] 2021-08-15 14:55:46 INFO  com.revature.Main  - Enter 3 to register as a Customer

[main] 2021-08-15 14:55:49 INFO  com.revature.Main  - Enter your email id

[main] 2021-08-15 14:55:51 INFO  com.revature.Main  - Product added successfully
[main] 2021-08-15 15:00:26 INFO  com.revature.Main  - =======================================================================
[main] 2021-08-15 15:00:26 INFO  com.revature.Main  - Hello User, Welcome to Arnab's Console Based Online Shopping App
[main] 2021-08-15 15:00:26 INFO  com.revature.Main  - =======================================================================
[main] 2021-08-15 15:00:26 INFO  com.revature.Main  - Enter 1 to login as an Employee

[main] 2021-08-15 15:00:26 INFO  com.revature.Main  - Enter 2 to login as an Customer

[main] 2021-08-15 15:00:26 INFO  com.revature.Main  - Enter 3 to register as a Customer

[main] 2021-08-15 15:00:28 INFO  com.revature.Main  - Enter your email id

[main] 2021-08-15 15:00:28 INFO  com.revature.Main  - Enter the id of new product
[main] 2021-08-15 15:00:52 INFO  com.revature.Main  - Enter the name of new product
[main] 2021-08-15 15:00:52 INFO  com.revature.Main  - Enter the price of new product
[main] 2021-08-15 15:01:15 INFO  com.revature.Main  - =======================================================================
[main] 2021-08-15 15:01:15 INFO  com.revature.Main  - Hello User, Welcome to Arnab's Console Based Online Shopping App
[main] 2021-08-15 15:01:15 INFO  com.revature.Main  - =======================================================================
[main] 2021-08-15 15:01:15 INFO  com.revature.Main  - Enter 1 to login as an Employee

[main] 2021-08-15 15:01:15 INFO  com.revature.Main  - Enter 2 to login as an Customer

[main] 2021-08-15 15:01:15 INFO  com.revature.Main  - Enter 3 to register as a Customer

[main] 2021-08-15 15:01:21 INFO  com.revature.Main  - Enter your email id

[main] 2021-08-15 15:01:21 INFO  com.revature.Main  - Enter the id of new product
[main] 2021-08-15 15:01:23 INFO  com.revature.Main  - Enter the name of new product
[main] 2021-08-15 15:01:55 INFO  com.revature.Main  - Enter the price of new product
[main] 2021-08-15 15:01:59 INFO  com.revature.Main  - Enter the category of new product
[main] 2021-08-15 15:02:09 INFO  com.revature.Main  - Enter the quantity of new product
[main] 2021-08-15 15:02:16 INFO  com.revature.Main  - Product added successfully
[main] 2021-08-16 23:50:45 INFO  com.revature.Main  - =======================================================================
[main] 2021-08-16 23:50:45 INFO  com.revature.Main  - Hello User, Welcome to Arnab's Console Based Online Shopping App
[main] 2021-08-16 23:50:45 INFO  com.revature.Main  - =======================================================================
[main] 2021-08-16 23:50:45 INFO  com.revature.Main  - Enter 1 to login as an Employee

[main] 2021-08-16 23:50:45 INFO  com.revature.Main  - Enter 2 to login as an Customer

[main] 2021-08-16 23:50:45 INFO  com.revature.Main  - Enter 3 to register as a Customer

[main] 2021-08-16 23:50:49 INFO  com.revature.Main  - Enter your email id

[main] 2021-08-16 23:51:29 INFO  com.revature.Main  - Enter the name of the product you want to order?

[main] 2021-08-16 23:51:49 ERROR com.revature.dao.impl.CustomerSearchDaoImpl  - java.sql.SQLSyntaxErrorException: Unknown column 'fname' in 'field list'
[main] 2021-08-16 23:51:49 WARN  com.revature.Main  - Internal error occured , kindly contact your system administrator
[main] 2021-08-16 23:52:25 INFO  com.revature.Main  - =======================================================================
[main] 2021-08-16 23:52:25 INFO  com.revature.Main  - Hello User, Welcome to Arnab's Console Based Online Shopping App
[main] 2021-08-16 23:52:25 INFO  com.revature.Main  - =======================================================================
[main] 2021-08-16 23:52:25 INFO  com.revature.Main  - Enter 1 to login as an Employee

[main] 2021-08-16 23:52:25 INFO  com.revature.Main  - Enter 2 to login as an Customer

[main] 2021-08-16 23:52:25 INFO  com.revature.Main  - Enter 3 to register as a Customer

[main] 2021-08-16 23:52:28 INFO  com.revature.Main  - Enter your email id

[main] 2021-08-16 23:53:11 INFO  com.revature.Main  - Enter the name of the product you want to order?

[main] 2021-08-16 23:53:25 ERROR com.revature.dao.impl.CustomerSearchDaoImpl  - java.sql.SQLException: Column 'c_id' not found.
[main] 2021-08-16 23:53:25 WARN  com.revature.Main  - Internal error occured , kindly contact your system administrator
[main] 2021-08-16 23:55:22 INFO  com.revature.Main  - =======================================================================
[main] 2021-08-16 23:55:22 INFO  com.revature.Main  - Hello User, Welcome to Arnab's Console Based Online Shopping App
[main] 2021-08-16 23:55:22 INFO  com.revature.Main  - =======================================================================
[main] 2021-08-16 23:55:22 INFO  com.revature.Main  - Enter 1 to login as an Employee

[main] 2021-08-16 23:55:22 INFO  com.revature.Main  - Enter 2 to login as an Customer

[main] 2021-08-16 23:55:22 INFO  com.revature.Main  - Enter 3 to register as a Customer

[main] 2021-08-16 23:55:26 INFO  com.revature.Main  - Enter your email id

[main] 2021-08-16 23:56:01 INFO  com.revature.Main  - Enter the name of the product you want to order?

[main] 2021-08-16 23:56:06 ERROR com.revature.dao.impl.CustomerDaoImpl  - java.sql.SQLSyntaxErrorException: You have an error in your SQL syntax; check the manual that corresponds to your MySQL server version for the right syntax to use near '?,?)' at line 1
[main] 2021-08-16 23:56:06 WARN  com.revature.Main  - Internal error occured contact your System administrator
[main] 2021-08-17 00:15:42 INFO  com.revature.Main  - =======================================================================
[main] 2021-08-17 00:15:42 INFO  com.revature.Main  - Hello User, Welcome to Arnab's Console Based Online Shopping App
[main] 2021-08-17 00:15:42 INFO  com.revature.Main  - =======================================================================
[main] 2021-08-17 00:15:42 INFO  com.revature.Main  - Enter 1 to login as an Employee

[main] 2021-08-17 00:15:42 INFO  com.revature.Main  - Enter 2 to login as an Customer

[main] 2021-08-17 00:15:42 INFO  com.revature.Main  - Enter 3 to register as a Customer

[main] 2021-08-17 00:15:45 INFO  com.revature.Main  - Enter your email id

[main] 2021-08-17 00:16:02 INFO  com.revature.Main  - Enter your password

[main] 2021-08-17 00:16:14 INFO  com.revature.Main  - Enter the name of the product you want to order?

[main] 2021-08-17 00:16:19 ERROR com.revature.dao.impl.CustomerDaoImpl  - java.sql.SQLSyntaxErrorException: You have an error in your SQL syntax; check the manual that corresponds to your MySQL server version for the right syntax to use near '?,?,?)' at line 1
[main] 2021-08-17 00:16:19 WARN  com.revature.Main  - Internal error occured contact your System administrator
[main] 2021-08-17 00:22:19 INFO  com.revature.Main  - =======================================================================
[main] 2021-08-17 00:22:19 INFO  com.revature.Main  - Hello User, Welcome to Arnab's Console Based Online Shopping App
[main] 2021-08-17 00:22:19 INFO  com.revature.Main  - =======================================================================
[main] 2021-08-17 00:22:19 INFO  com.revature.Main  - Enter 1 to login as an Employee

[main] 2021-08-17 00:22:19 INFO  com.revature.Main  - Enter 2 to login as an Customer

[main] 2021-08-17 00:22:19 INFO  com.revature.Main  - Enter 3 to register as a Customer

[main] 2021-08-17 00:22:24 INFO  com.revature.Main  - Enter your email id

[main] 2021-08-17 00:22:39 INFO  com.revature.Main  - Enter your password

[main] 2021-08-17 00:22:46 INFO  com.revature.Main  - Enter the name of the product you want to order?

[main] 2021-08-17 00:22:50 ERROR com.revature.dao.impl.CustomerDaoImpl  - java.sql.SQLSyntaxErrorException: You have an error in your SQL syntax; check the manual that corresponds to your MySQL server version for the right syntax to use near '?,?,?)' at line 1
[main] 2021-08-17 00:22:50 WARN  com.revature.Main  - Internal error occured contact your System administrator
[main] 2021-08-17 00:25:28 INFO  com.revature.Main  - =======================================================================
[main] 2021-08-17 00:25:28 INFO  com.revature.Main  - Hello User, Welcome to Arnab's Console Based Online Shopping App
[main] 2021-08-17 00:25:28 INFO  com.revature.Main  - =======================================================================
[main] 2021-08-17 00:25:28 INFO  com.revature.Main  - Enter 1 to login as an Employee

[main] 2021-08-17 00:25:28 INFO  com.revature.Main  - Enter 2 to login as an Customer

[main] 2021-08-17 00:25:28 INFO  com.revature.Main  - Enter 3 to register as a Customer

[main] 2021-08-17 00:25:35 INFO  com.revature.Main  - Enter your email id

[main] 2021-08-17 00:25:46 INFO  com.revature.Main  - Enter your password

[main] 2021-08-17 00:25:54 INFO  com.revature.Main  - Enter the name of the product you want to order?

[main] 2021-08-17 00:27:25 ERROR com.revature.dao.impl.CustomerDaoImpl  - java.sql.SQLSyntaxErrorException: You have an error in your SQL syntax; check the manual that corresponds to your MySQL server version for the right syntax to use near '?,?,?)' at line 1
[main] 2021-08-17 00:27:25 WARN  com.revature.Main  - Internal error occured contact your System administrator
[main] 2021-08-17 00:30:24 INFO  com.revature.Main  - =======================================================================
[main] 2021-08-17 00:30:24 INFO  com.revature.Main  - Hello User, Welcome to Arnab's Console Based Online Shopping App
[main] 2021-08-17 00:30:24 INFO  com.revature.Main  - =======================================================================
[main] 2021-08-17 00:30:24 INFO  com.revature.Main  - Enter 1 to login as an Employee

[main] 2021-08-17 00:30:24 INFO  com.revature.Main  - Enter 2 to login as an Customer

[main] 2021-08-17 00:30:24 INFO  com.revature.Main  - Enter 3 to register as a Customer

[main] 2021-08-17 00:30:30 INFO  com.revature.Main  - Enter your email id

[main] 2021-08-17 00:31:29 INFO  com.revature.Main  - =======================================================================
[main] 2021-08-17 00:31:29 INFO  com.revature.Main  - Hello User, Welcome to Arnab's Console Based Online Shopping App
[main] 2021-08-17 00:31:29 INFO  com.revature.Main  - =======================================================================
[main] 2021-08-17 00:31:29 INFO  com.revature.Main  - Enter 1 to login as an Employee

[main] 2021-08-17 00:31:29 INFO  com.revature.Main  - Enter 2 to login as an Customer

[main] 2021-08-17 00:31:29 INFO  com.revature.Main  - Enter 3 to register as a Customer

[main] 2021-08-17 00:31:33 ERROR com.revature.dao.impl.CustomerDaoImpl  - java.sql.SQLException: No value specified for parameter 1
[main] 2021-08-17 00:31:33 WARN  com.revature.Main  - Internal error occured contact your System administrator
[main] 2021-08-17 00:33:21 INFO  com.revature.Main  - =======================================================================
[main] 2021-08-17 00:33:21 INFO  com.revature.Main  - Hello User, Welcome to Arnab's Console Based Online Shopping App
[main] 2021-08-17 00:33:21 INFO  com.revature.Main  - =======================================================================
[main] 2021-08-17 00:33:21 INFO  com.revature.Main  - Enter 1 to login as an Employee

[main] 2021-08-17 00:33:21 INFO  com.revature.Main  - Enter 2 to login as an Customer

[main] 2021-08-17 00:33:21 INFO  com.revature.Main  - Enter 3 to register as a Customer

[main] 2021-08-17 00:33:24 ERROR com.revature.dao.impl.CustomerDaoImpl  - java.sql.SQLException: No value specified for parameter 1
[main] 2021-08-17 00:33:24 WARN  com.revature.Main  - Internal error occured contact your System administrator
[main] 2021-08-17 10:41:52 INFO  com.revature.Main  - =======================================================================
[main] 2021-08-17 10:41:52 INFO  com.revature.Main  - Hello User, Welcome to Arnab's Console Based Online Shopping App
[main] 2021-08-17 10:41:52 INFO  com.revature.Main  - =======================================================================
[main] 2021-08-17 10:41:52 INFO  com.revature.Main  - Enter 1 to login as an Employee

[main] 2021-08-17 10:41:52 INFO  com.revature.Main  - Enter 2 to login as an Customer

[main] 2021-08-17 10:41:52 INFO  com.revature.Main  - Enter 3 to register as a Customer

[main] 2021-08-17 10:41:58 ERROR com.revature.dao.impl.CustomerDaoImpl  - java.sql.SQLException: No value specified for parameter 1
[main] 2021-08-17 10:41:58 WARN  com.revature.Main  - Internal error occured contact your System administrator
[main] 2021-08-17 10:59:27 INFO  com.revature.Main  - =======================================================================
[main] 2021-08-17 10:59:27 INFO  com.revature.Main  - Hello User, Welcome to Arnab's Console Based Online Shopping App
[main] 2021-08-17 10:59:27 INFO  com.revature.Main  - =======================================================================
[main] 2021-08-17 10:59:27 INFO  com.revature.Main  - Enter 1 to login as an Employee

[main] 2021-08-17 10:59:27 INFO  com.revature.Main  - Enter 2 to login as an Customer

[main] 2021-08-17 10:59:27 INFO  com.revature.Main  - Enter 3 to register as a Customer

[main] 2021-08-17 10:59:33 ERROR com.revature.dao.impl.CustomerDaoImpl  - java.sql.SQLException: No value specified for parameter 1
[main] 2021-08-17 10:59:33 WARN  com.revature.Main  - Internal error occured contact your System administrator
[main] 2021-08-17 11:01:19 INFO  com.revature.Main  - =======================================================================
[main] 2021-08-17 11:01:19 INFO  com.revature.Main  - Hello User, Welcome to Arnab's Console Based Online Shopping App
[main] 2021-08-17 11:01:19 INFO  com.revature.Main  - =======================================================================
[main] 2021-08-17 11:01:19 INFO  com.revature.Main  - Enter 1 to login as an Employee

[main] 2021-08-17 11:01:19 INFO  com.revature.Main  - Enter 2 to login as an Customer

[main] 2021-08-17 11:01:19 INFO  com.revature.Main  - Enter 3 to register as a Customer

[main] 2021-08-17 11:01:25 ERROR com.revature.dao.impl.CustomerDaoImpl  - java.sql.SQLException: No value specified for parameter 1
[main] 2021-08-17 11:01:25 WARN  com.revature.Main  - Internal error occured contact your System administrator
[main] 2021-08-17 11:02:27 INFO  com.revature.Main  - =======================================================================
[main] 2021-08-17 11:02:27 INFO  com.revature.Main  - Hello User, Welcome to Arnab's Console Based Online Shopping App
[main] 2021-08-17 11:02:27 INFO  com.revature.Main  - =======================================================================
[main] 2021-08-17 11:02:27 INFO  com.revature.Main  - Enter 1 to login as an Employee

[main] 2021-08-17 11:02:27 INFO  com.revature.Main  - Enter 2 to login as an Customer

[main] 2021-08-17 11:02:27 INFO  com.revature.Main  - Enter 3 to register as a Customer

[main] 2021-08-17 11:02:31 INFO  com.revature.Main  - Customer added successfully
[main] 2021-08-17 11:06:12 INFO  com.revature.Main  - =======================================================================
[main] 2021-08-17 11:06:12 INFO  com.revature.Main  - Hello User, Welcome to Arnab's Console Based Online Shopping App
[main] 2021-08-17 11:06:12 INFO  com.revature.Main  - =======================================================================
[main] 2021-08-17 11:06:12 INFO  com.revature.Main  - Enter 1 to login as an Employee

[main] 2021-08-17 11:06:12 INFO  com.revature.Main  - Enter 2 to login as an Customer

[main] 2021-08-17 11:06:12 INFO  com.revature.Main  - Enter 3 to register as a Customer

[main] 2021-08-17 11:07:25 INFO  com.revature.Main  - Enter your email id

[main] 2021-08-17 11:07:27 INFO  com.revature.Main  - Enter your password

[main] 2021-08-17 11:07:36 INFO  com.revature.Main  - Enter the name of the product you want to order?

[main] 2021-08-17 11:07:41 ERROR com.revature.dao.impl.CustomerDaoImpl  - java.sql.SQLSyntaxErrorException: You have an error in your SQL syntax; check the manual that corresponds to your MySQL server version for the right syntax to use near '?,?,?)' at line 1
[main] 2021-08-17 11:07:41 WARN  com.revature.Main  - Internal error occured
[main] 2021-08-17 11:19:52 INFO  com.revature.Main  - =======================================================================
[main] 2021-08-17 11:19:52 INFO  com.revature.Main  - Hello User, Welcome to Arnab's Console Based Online Shopping App
[main] 2021-08-17 11:19:52 INFO  com.revature.Main  - =======================================================================
[main] 2021-08-17 11:19:52 INFO  com.revature.Main  - Enter 1 to login as an Employee

[main] 2021-08-17 11:19:52 INFO  com.revature.Main  - Enter 2 to login as an Customer

[main] 2021-08-17 11:19:52 INFO  com.revature.Main  - Enter 3 to register as a Customer

[main] 2021-08-17 11:20:02 INFO  com.revature.Main  - Enter your email id

[main] 2021-08-17 11:20:11 INFO  com.revature.Main  - Enter your password

[main] 2021-08-17 11:20:17 INFO  com.revature.Main  - Enter the name of the product you want to order?

[main] 2021-08-17 11:20:23 ERROR com.revature.dao.impl.CustomerDaoImpl  - java.sql.SQLSyntaxErrorException: You have an error in your SQL syntax; check the manual that corresponds to your MySQL server version for the right syntax to use near '?,?,?)' at line 1
[main] 2021-08-17 11:20:23 WARN  com.revature.Main  - Internal error occured
[main] 2021-08-17 11:23:33 INFO  com.revature.Main  - =======================================================================
[main] 2021-08-17 11:23:33 INFO  com.revature.Main  - Hello User, Welcome to Arnab's Console Based Online Shopping App
[main] 2021-08-17 11:23:33 INFO  com.revature.Main  - =======================================================================
[main] 2021-08-17 11:23:33 INFO  com.revature.Main  - Enter 1 to login as an Employee

[main] 2021-08-17 11:23:33 INFO  com.revature.Main  - Enter 2 to login as an Customer

[main] 2021-08-17 11:23:33 INFO  com.revature.Main  - Enter 3 to register as a Customer

[main] 2021-08-17 11:23:36 INFO  com.revature.Main  - Enter your email id

[main] 2021-08-17 11:23:45 INFO  com.revature.Main  - Enter your password

[main] 2021-08-17 11:23:52 INFO  com.revature.Main  - Enter the name of the product you want to order?

[main] 2021-08-17 11:23:57 ERROR com.revature.dao.impl.CustomerDaoImpl  - java.sql.SQLSyntaxErrorException: You have an error in your SQL syntax; check the manual that corresponds to your MySQL server version for the right syntax to use near '?,?,?)' at line 1
[main] 2021-08-17 11:23:57 WARN  com.revature.Main  - Internal error occured
[main] 2021-08-17 11:36:47 INFO  com.revature.Main  - =======================================================================
[main] 2021-08-17 11:36:47 INFO  com.revature.Main  - Hello User, Welcome to Arnab's Console Based Online Shopping App
[main] 2021-08-17 11:36:47 INFO  com.revature.Main  - =======================================================================
[main] 2021-08-17 11:36:47 INFO  com.revature.Main  - Enter 1 to login as an Employee

[main] 2021-08-17 11:36:47 INFO  com.revature.Main  - Enter 2 to login as an Customer

[main] 2021-08-17 11:36:47 INFO  com.revature.Main  - Enter 3 to register as a Customer

[main] 2021-08-17 11:36:49 INFO  com.revature.Main  - Enter your email id

[main] 2021-08-17 11:36:58 INFO  com.revature.Main  - Enter your password

[main] 2021-08-17 11:37:41 INFO  com.revature.Main  - Enter the name of the product you want to order?

[main] 2021-08-17 11:38:03 ERROR com.revature.dao.impl.CustomerDaoImpl  - java.sql.SQLSyntaxErrorException: You have an error in your SQL syntax; check the manual that corresponds to your MySQL server version for the right syntax to use near '?,?,?)' at line 1
[main] 2021-08-17 11:38:03 WARN  com.revature.Main  - Internal error occured
[main] 2021-08-17 11:39:13 INFO  com.revature.Main  - =======================================================================
[main] 2021-08-17 11:39:13 INFO  com.revature.Main  - Hello User, Welcome to Arnab's Console Based Online Shopping App
[main] 2021-08-17 11:39:13 INFO  com.revature.Main  - =======================================================================
[main] 2021-08-17 11:39:13 INFO  com.revature.Main  - Enter 1 to login as an Employee

[main] 2021-08-17 11:39:13 INFO  com.revature.Main  - Enter 2 to login as an Customer

[main] 2021-08-17 11:39:13 INFO  com.revature.Main  - Enter 3 to register as a Customer

[main] 2021-08-17 11:39:15 INFO  com.revature.Main  - Enter your email id

[main] 2021-08-17 11:39:26 INFO  com.revature.Main  - Enter your password

[main] 2021-08-17 11:39:36 INFO  com.revature.Main  - Enter the name of the product you want to order?

[main] 2021-08-17 11:39:45 ERROR com.revature.dao.impl.CustomerDaoImpl  - java.sql.SQLSyntaxErrorException: You have an error in your SQL syntax; check the manual that corresponds to your MySQL server version for the right syntax to use near '?,?,?)' at line 1
[main] 2021-08-17 11:39:45 WARN  com.revature.Main  - Internal error occured
[main] 2021-08-17 13:10:47 INFO  com.revature.Main  - =======================================================================
[main] 2021-08-17 13:10:47 INFO  com.revature.Main  - Hello User, Welcome to Arnab's Console Based Online Shopping App
[main] 2021-08-17 13:10:47 INFO  com.revature.Main  - =======================================================================
[main] 2021-08-17 13:10:47 INFO  com.revature.Main  - Enter 1 to login as an Employee

[main] 2021-08-17 13:10:47 INFO  com.revature.Main  - Enter 2 to login as an Customer

[main] 2021-08-17 13:10:47 INFO  com.revature.Main  - Enter 3 to register as a Customer

[main] 2021-08-17 13:11:16 INFO  com.revature.Main  - Enter your email id

[main] 2021-08-17 13:11:29 INFO  com.revature.Main  - Enter your password

[main] 2021-08-17 13:11:37 INFO  com.revature.Main  - Enter the name of the product you want to order?

[main] 2021-08-17 13:11:48 ERROR com.revature.dao.impl.CustomerDaoImpl  - java.sql.SQLSyntaxErrorException: You have an error in your SQL syntax; check the manual that corresponds to your MySQL server version for the right syntax to use near '?,?,?)' at line 1
[main] 2021-08-17 13:11:48 WARN  com.revature.Main  - Internal error occured
[main] 2021-08-17 13:13:26 INFO  com.revature.Main  - =======================================================================
[main] 2021-08-17 13:13:26 INFO  com.revature.Main  - Hello User, Welcome to Arnab's Console Based Online Shopping App
[main] 2021-08-17 13:13:26 INFO  com.revature.Main  - =======================================================================
[main] 2021-08-17 13:13:26 INFO  com.revature.Main  - Enter 1 to login as an Employee

[main] 2021-08-17 13:13:26 INFO  com.revature.Main  - Enter 2 to login as an Customer

[main] 2021-08-17 13:13:26 INFO  com.revature.Main  - Enter 3 to register as a Customer

[main] 2021-08-17 13:13:30 INFO  com.revature.Main  - Enter your email id

[main] 2021-08-17 13:13:44 INFO  com.revature.Main  - Enter your password

[main] 2021-08-17 13:13:51 INFO  com.revature.Main  - Enter the name of the product you want to order?

[main] 2021-08-17 13:14:05 ERROR com.revature.dao.impl.CustomerDaoImpl  - java.sql.SQLSyntaxErrorException: You have an error in your SQL syntax; check the manual that corresponds to your MySQL server version for the right syntax to use near '?,?,?)' at line 1
[main] 2021-08-17 13:14:05 WARN  com.revature.Main  - Internal error occured
[main] 2021-08-17 13:19:55 INFO  com.revature.Main  - =======================================================================
[main] 2021-08-17 13:19:55 INFO  com.revature.Main  - Hello User, Welcome to Arnab's Console Based Online Shopping App
[main] 2021-08-17 13:19:55 INFO  com.revature.Main  - =======================================================================
[main] 2021-08-17 13:19:55 INFO  com.revature.Main  - Enter 1 to login as an Employee

[main] 2021-08-17 13:19:55 INFO  com.revature.Main  - Enter 2 to login as an Customer

[main] 2021-08-17 13:19:55 INFO  com.revature.Main  - Enter 3 to register as a Customer

[main] 2021-08-17 13:19:57 INFO  com.revature.Main  - Enter your email id

[main] 2021-08-17 13:20:05 INFO  com.revature.Main  - Enter your password

[main] 2021-08-17 13:20:15 INFO  com.revature.Main  - =======================================================================
[main] 2021-08-17 13:20:15 INFO  com.revature.Main  - Hello User, Welcome to Arnab's Console Based Online Shopping App
[main] 2021-08-17 13:20:15 INFO  com.revature.Main  - =======================================================================
[main] 2021-08-17 13:20:15 INFO  com.revature.Main  - Enter 1 to login as an Employee

[main] 2021-08-17 13:20:15 INFO  com.revature.Main  - Enter 2 to login as an Customer

[main] 2021-08-17 13:20:15 INFO  com.revature.Main  - Enter 3 to register as a Customer

[main] 2021-08-17 13:20:17 INFO  com.revature.Main  - Enter your email id

[main] 2021-08-17 13:20:23 INFO  com.revature.Main  - Enter your password

[main] 2021-08-17 13:20:30 INFO  com.revature.Main  - Enter the name of the product you want to order?

[main] 2021-08-17 13:20:41 ERROR com.revature.dao.impl.CustomerDaoImpl  - java.sql.SQLSyntaxErrorException: You have an error in your SQL syntax; check the manual that corresponds to your MySQL server version for the right syntax to use near '?,?,?)' at line 1
[main] 2021-08-17 13:20:41 WARN  com.revature.Main  - Internal error occured
[main] 2021-08-17 13:25:20 INFO  com.revature.Main  - =======================================================================
[main] 2021-08-17 13:25:20 INFO  com.revature.Main  - Hello User, Welcome to Arnab's Console Based Online Shopping App
[main] 2021-08-17 13:25:20 INFO  com.revature.Main  - =======================================================================
[main] 2021-08-17 13:25:20 INFO  com.revature.Main  - Enter 1 to login as an Employee

[main] 2021-08-17 13:25:20 INFO  com.revature.Main  - Enter 2 to login as an Customer

[main] 2021-08-17 13:25:20 INFO  com.revature.Main  - Enter 3 to register as a Customer

[main] 2021-08-17 13:25:22 INFO  com.revature.Main  - Enter your email id

[main] 2021-08-17 13:25:29 INFO  com.revature.Main  - Enter your password

[main] 2021-08-17 13:25:35 INFO  com.revature.Main  - Enter the name of the product you want to order?

[main] 2021-08-17 13:25:42 ERROR com.revature.dao.impl.CustomerDaoImpl  - java.sql.SQLSyntaxErrorException: You have an error in your SQL syntax; check the manual that corresponds to your MySQL server version for the right syntax to use near '?,?,?)' at line 1
[main] 2021-08-17 13:25:42 WARN  com.revature.Main  - Internal error occured
[main] 2021-08-17 13:32:57 INFO  com.revature.Main  - =======================================================================
[main] 2021-08-17 13:32:57 INFO  com.revature.Main  - Hello User, Welcome to Arnab's Console Based Online Shopping App
[main] 2021-08-17 13:32:57 INFO  com.revature.Main  - =======================================================================
[main] 2021-08-17 13:32:57 INFO  com.revature.Main  - Enter 1 to login as an Employee

[main] 2021-08-17 13:32:57 INFO  com.revature.Main  - Enter 2 to login as an Customer

[main] 2021-08-17 13:32:57 INFO  com.revature.Main  - Enter 3 to register as a Customer

[main] 2021-08-17 13:32:59 INFO  com.revature.Main  - Enter your email id

[main] 2021-08-17 13:33:08 INFO  com.revature.Main  - Enter your password

[main] 2021-08-17 13:33:14 INFO  com.revature.Main  - Enter the name of the product you want to order?

[main] 2021-08-17 13:33:20 ERROR com.revature.dao.impl.CustomerDaoImpl  - java.sql.SQLSyntaxErrorException: You have an error in your SQL syntax; check the manual that corresponds to your MySQL server version for the right syntax to use near '?,?,?)' at line 1
[main] 2021-08-17 13:33:20 WARN  com.revature.Main  - Internal error occured
[main] 2021-08-17 13:36:44 INFO  com.revature.Main  - =======================================================================
[main] 2021-08-17 13:36:44 INFO  com.revature.Main  - Hello User, Welcome to Arnab's Console Based Online Shopping App
[main] 2021-08-17 13:36:44 INFO  com.revature.Main  - =======================================================================
[main] 2021-08-17 13:36:44 INFO  com.revature.Main  - Enter 1 to login as an Employee

[main] 2021-08-17 13:36:44 INFO  com.revature.Main  - Enter 2 to login as an Customer

[main] 2021-08-17 13:36:44 INFO  com.revature.Main  - Enter 3 to register as a Customer

[main] 2021-08-17 13:36:46 INFO  com.revature.Main  - Enter your email id

[main] 2021-08-17 13:36:53 INFO  com.revature.Main  - Enter your password

[main] 2021-08-17 13:37:00 INFO  com.revature.Main  - Enter the name of the product you want to order?

[main] 2021-08-17 13:37:07 INFO  com.revature.Main  - Product added to cart successfully
[main] 2021-08-17 13:37:07 INFO  com.revature.Main  - Try once again
[main] 2021-08-17 15:11:03 INFO  com.revature.Main  - =======================================================================
[main] 2021-08-17 15:11:03 INFO  com.revature.Main  - Hello User, Welcome to Arnab's Console Based Online Shopping App
[main] 2021-08-17 15:11:03 INFO  com.revature.Main  - =======================================================================
[main] 2021-08-17 15:11:03 INFO  com.revature.Main  - Enter 1 to login as an Employee

[main] 2021-08-17 15:11:03 INFO  com.revature.Main  - Enter 2 to login as an Customer

[main] 2021-08-17 15:11:03 INFO  com.revature.Main  - Enter 3 to register as a Customer

[main] 2021-08-17 15:11:06 INFO  com.revature.Main  - Enter your email id

[main] 2021-08-17 15:11:18 INFO  com.revature.Main  - Enter your password

[main] 2021-08-17 15:11:29 INFO  com.revature.Main  - Enter the name of the product you want to order?

[main] 2021-08-17 15:11:42 INFO  com.revature.Main  - =======================================================================
[main] 2021-08-17 15:11:42 INFO  com.revature.Main  - Hello User, Welcome to Arnab's Console Based Online Shopping App
[main] 2021-08-17 15:11:42 INFO  com.revature.Main  - =======================================================================
[main] 2021-08-17 15:11:42 INFO  com.revature.Main  - Enter 1 to login as an Employee

[main] 2021-08-17 15:11:42 INFO  com.revature.Main  - Enter 2 to login as an Customer

[main] 2021-08-17 15:11:42 INFO  com.revature.Main  - Enter 3 to register as a Customer

[main] 2021-08-17 15:12:25 INFO  com.revature.Main  - =======================================================================
[main] 2021-08-17 15:12:25 INFO  com.revature.Main  - Hello User, Welcome to Arnab's Console Based Online Shopping App
[main] 2021-08-17 15:12:25 INFO  com.revature.Main  - =======================================================================
[main] 2021-08-17 15:12:25 INFO  com.revature.Main  - Enter 1 to login as an Employee

[main] 2021-08-17 15:12:25 INFO  com.revature.Main  - Enter 2 to login as an Customer

[main] 2021-08-17 15:12:25 INFO  com.revature.Main  - Enter 3 to register as a Customer

[main] 2021-08-17 15:12:28 INFO  com.revature.Main  - Enter your email id

[main] 2021-08-17 15:12:39 INFO  com.revature.Main  - Enter your password

[main] 2021-08-18 00:47:36 INFO  com.revature.Main  - =======================================================================
[main] 2021-08-18 00:47:36 INFO  com.revature.Main  - Hello User, Welcome to Arnab's Console Based Online Shopping App
[main] 2021-08-18 00:47:36 INFO  com.revature.Main  - =======================================================================
[main] 2021-08-18 00:47:36 INFO  com.revature.Main  - Enter 1 to login as an Employee

[main] 2021-08-18 00:47:36 INFO  com.revature.Main  - Enter 2 to login as an Customer

[main] 2021-08-18 00:47:36 INFO  com.revature.Main  - Enter 3 to register as a Customer

[main] 2021-08-18 00:47:36 INFO  com.revature.Main  - Enter  to login as an Customer

[main] 2021-08-18 00:47:51 INFO  com.revature.Main  - =======================================================================
[main] 2021-08-18 00:47:51 INFO  com.revature.Main  - Hello User, Welcome to Arnab's Console Based Online Shopping App
[main] 2021-08-18 00:47:51 INFO  com.revature.Main  - =======================================================================
[main] 2021-08-18 00:47:51 INFO  com.revature.Main  - Enter 1 to login as an Employee

[main] 2021-08-18 00:47:51 INFO  com.revature.Main  - Enter 2 to login as an Customer

[main] 2021-08-18 00:47:51 INFO  com.revature.Main  - Enter 3 to register as a Customer

[main] 2021-08-18 00:47:51 INFO  com.revature.Main  - Enter 4 to exit

[main] 2021-08-18 00:48:26 INFO  com.revature.Main  - =======================================================================
[main] 2021-08-18 00:48:26 INFO  com.revature.Main  - Hello User, Welcome to Arnab's Console Based Online Shopping App
[main] 2021-08-18 00:48:26 INFO  com.revature.Main  - =======================================================================
[main] 2021-08-18 00:48:26 INFO  com.revature.Main  - Enter 1 to login as an Employee

[main] 2021-08-18 00:48:26 INFO  com.revature.Main  - Enter 2 to login as an Customer

[main] 2021-08-18 00:48:26 INFO  com.revature.Main  - Enter 3 to register as a Customer

[main] 2021-08-18 00:48:26 INFO  com.revature.Main  - Enter 4 to exit

[main] 2021-08-18 00:48:46 INFO  com.revature.Main  - =======================================================================
[main] 2021-08-18 00:48:46 INFO  com.revature.Main  - Hello User, Welcome to Arnab's Console Based Online Shopping App
[main] 2021-08-18 00:48:46 INFO  com.revature.Main  - =======================================================================
[main] 2021-08-18 00:48:46 INFO  com.revature.Main  - Enter 1 to login as an Employee

[main] 2021-08-18 00:48:46 INFO  com.revature.Main  - Enter 2 to login as an Customer

[main] 2021-08-18 00:48:46 INFO  com.revature.Main  - Enter 3 to register as a Customer

[main] 2021-08-18 00:48:46 INFO  com.revature.Main  - Enter 4 to exit

[main] 2021-08-18 00:48:50 INFO  com.revature.Main  - Enter your email id

[main] 2021-08-18 00:49:01 INFO  com.revature.dao.impl.CustomerDaoImpl  - Invalid email id
[main] 2021-08-18 01:15:16 INFO  com.revature.Main  - =======================================================================
[main] 2021-08-18 01:15:16 INFO  com.revature.Main  - Hello User, Welcome to Arnab's Console Based Online Shopping App
[main] 2021-08-18 01:15:16 INFO  com.revature.Main  - =======================================================================
[main] 2021-08-18 01:15:16 INFO  com.revature.Main  - Enter 1 to login as an Employee

[main] 2021-08-18 01:15:16 INFO  com.revature.Main  - Enter 2 to login as an Customer

[main] 2021-08-18 01:15:16 INFO  com.revature.Main  - Enter 3 to register as a Customer

[main] 2021-08-18 01:15:16 INFO  com.revature.Main  - Enter 4 to exit

[main] 2021-08-18 02:11:46 INFO  com.revature.Main  - =======================================================================
[main] 2021-08-18 02:11:46 INFO  com.revature.Main  - Hello User, Welcome to Arnab's Console Based Online Shopping App
[main] 2021-08-18 02:11:46 INFO  com.revature.Main  - =======================================================================
[main] 2021-08-18 02:11:46 INFO  com.revature.Main  - Enter 1 to login as an Employee

[main] 2021-08-18 02:11:46 INFO  com.revature.Main  - Enter 2 to login as an Customer

[main] 2021-08-18 02:11:46 INFO  com.revature.Main  - Enter 3 to register as a Customer

[main] 2021-08-18 02:11:46 INFO  com.revature.Main  - Enter 4 to exit

[main] 2021-08-18 02:11:49 INFO  com.revature.Main  - Enter your email id

[main] 2021-08-18 02:11:52 INFO  com.revature.dao.impl.CustomerDaoImpl  - Invalid email id
[main] 2021-08-18 02:11:52 INFO  com.revature.Main  - Enter "Yes" if you wish to continue 

[main] 2021-08-18 02:11:52 INFO  com.revature.Main  - Enter "No" if you do not wish to continue

[main] 2021-08-18 02:11:58 INFO  com.revature.Main  - Enter your password

[main] 2021-08-18 02:13:06 INFO  com.revature.Main  - =======================================================================
[main] 2021-08-18 02:13:06 INFO  com.revature.Main  - Hello User, Welcome to Arnab's Console Based Online Shopping App
[main] 2021-08-18 02:13:06 INFO  com.revature.Main  - =======================================================================
[main] 2021-08-18 02:13:06 INFO  com.revature.Main  - Enter 1 to login as an Employee

[main] 2021-08-18 02:13:06 INFO  com.revature.Main  - Enter 2 to login as an Customer

[main] 2021-08-18 02:13:06 INFO  com.revature.Main  - Enter 3 to register as a Customer

[main] 2021-08-18 02:13:06 INFO  com.revature.Main  - Enter 4 to exit

[main] 2021-08-18 02:13:10 INFO  com.revature.Main  - Enter your email id

[main] 2021-08-18 02:13:14 INFO  com.revature.dao.impl.CustomerDaoImpl  - Invalid email id
[main] 2021-08-18 02:13:14 INFO  com.revature.Main  - Enter "Yes" if you wish to continue 

[main] 2021-08-18 02:13:14 INFO  com.revature.Main  - Enter "No" if you do not wish to continue

[main] 2021-08-18 02:13:22 INFO  com.revature.Main  - =======================================================================
[main] 2021-08-18 02:13:22 INFO  com.revature.Main  - Hello User, Welcome to Arnab's Console Based Online Shopping App
[main] 2021-08-18 02:13:22 INFO  com.revature.Main  - =======================================================================
[main] 2021-08-18 02:13:22 INFO  com.revature.Main  - Enter 1 to login as an Employee

[main] 2021-08-18 02:13:22 INFO  com.revature.Main  - Enter 2 to login as an Customer

[main] 2021-08-18 02:13:22 INFO  com.revature.Main  - Enter 3 to register as a Customer

[main] 2021-08-18 02:13:22 INFO  com.revature.Main  - Enter 4 to exit

[main] 2021-08-18 02:13:25 INFO  com.revature.Main  - Enter your email id

[main] 2021-08-18 02:13:39 INFO  com.revature.Main  - Enter your password

[main] 2021-08-18 02:13:42 INFO  com.revature.Main  - Invalid Password

[main] 2021-08-18 02:13:42 INFO  com.revature.Main  - Enter "Yes" if you wish to continue 

[main] 2021-08-18 02:13:42 INFO  com.revature.Main  - Enter "No" if you do not wish to continue

[main] 2021-08-18 02:13:59 INFO  com.revature.Main  - =======================================================================
[main] 2021-08-18 02:13:59 INFO  com.revature.Main  - Hello User, Welcome to Arnab's Console Based Online Shopping App
[main] 2021-08-18 02:13:59 INFO  com.revature.Main  - =======================================================================
[main] 2021-08-18 02:13:59 INFO  com.revature.Main  - Enter 1 to login as an Employee

[main] 2021-08-18 02:13:59 INFO  com.revature.Main  - Enter 2 to login as an Customer

[main] 2021-08-18 02:13:59 INFO  com.revature.Main  - Enter 3 to register as a Customer

[main] 2021-08-18 02:13:59 INFO  com.revature.Main  - Enter 4 to exit

[main] 2021-08-18 02:14:01 INFO  com.revature.Main  - Enter your email id

[main] 2021-08-18 02:14:05 INFO  com.revature.Main  - Enter your password

[main] 2021-08-18 02:14:09 INFO  com.revature.Main  - Invalid Password

[main] 2021-08-18 02:14:09 INFO  com.revature.Main  - Enter "Yes" if you wish to continue 

[main] 2021-08-18 02:14:09 INFO  com.revature.Main  - Enter "No" if you do not wish to continue

[main] 2021-08-18 02:14:12 INFO  com.revature.Main  - Enter your password

[main] 2021-08-18 02:14:21 INFO  com.revature.Main  - Enter your password

[main] 2021-08-18 02:14:41 INFO  com.revature.Main  - =======================================================================
[main] 2021-08-18 02:14:41 INFO  com.revature.Main  - Hello User, Welcome to Arnab's Console Based Online Shopping App
[main] 2021-08-18 02:14:41 INFO  com.revature.Main  - =======================================================================
[main] 2021-08-18 02:14:41 INFO  com.revature.Main  - Enter 1 to login as an Employee

[main] 2021-08-18 02:14:41 INFO  com.revature.Main  - Enter 2 to login as an Customer

[main] 2021-08-18 02:14:41 INFO  com.revature.Main  - Enter 3 to register as a Customer

[main] 2021-08-18 02:14:41 INFO  com.revature.Main  - Enter 4 to exit

[main] 2021-08-18 02:14:43 INFO  com.revature.Main  - Enter your email id

[main] 2021-08-18 02:14:57 INFO  com.revature.Main  - Enter your password

[main] 2021-08-18 02:15:04 INFO  com.revature.Main  - Enter your password

[main] 2021-08-18 02:16:39 INFO  com.revature.Main  - =======================================================================
[main] 2021-08-18 02:16:39 INFO  com.revature.Main  - Hello User, Welcome to Arnab's Console Based Online Shopping App
[main] 2021-08-18 02:16:39 INFO  com.revature.Main  - =======================================================================
[main] 2021-08-18 02:16:39 INFO  com.revature.Main  - Enter 1 to login as an Employee

[main] 2021-08-18 02:16:39 INFO  com.revature.Main  - Enter 2 to login as an Customer

[main] 2021-08-18 02:16:39 INFO  com.revature.Main  - Enter 3 to register as a Customer

[main] 2021-08-18 02:16:39 INFO  com.revature.Main  - Enter 4 to exit

[main] 2021-08-18 02:16:41 INFO  com.revature.Main  - Enter your email id

[main] 2021-08-18 02:16:50 INFO  com.revature.Main  - Enter your password

[main] 2021-08-18 02:16:55 INFO  com.revature.Main  - Invalid Password

[main] 2021-08-18 02:16:55 INFO  com.revature.Main  - Enter "Yes" if you wish to continue 

[main] 2021-08-18 02:16:55 INFO  com.revature.Main  - Enter "No" if you do not wish to continue

[main] 2021-08-18 02:16:58 INFO  com.revature.Main  - Enter your password

[main] 2021-08-18 02:17:06 INFO  com.revature.Main  - Welcome, what you want to do today?

[main] 2021-08-18 02:17:06 INFO  com.revature.Main  - Enter 1 to view the list of products available

[main] 2021-08-18 02:17:06 INFO  com.revature.Main  - Enter 2 to add a product to the cart

[main] 2021-08-18 02:17:06 INFO  com.revature.Main  - Enter 3 to view your cart

[main] 2021-08-18 02:17:06 INFO  com.revature.Main  - Enter 4 to place an order

[main] 2021-08-18 02:17:06 INFO  com.revature.Main  - Enter 5 to go the customer login page

[main] 2021-08-18 02:17:19 INFO  com.revature.Main  - =======================================================================
[main] 2021-08-18 02:17:19 INFO  com.revature.Main  - Hello User, Welcome to Arnab's Console Based Online Shopping App
[main] 2021-08-18 02:17:19 INFO  com.revature.Main  - =======================================================================
[main] 2021-08-18 02:17:19 INFO  com.revature.Main  - Enter 1 to login as an Employee

[main] 2021-08-18 02:17:19 INFO  com.revature.Main  - Enter 2 to login as an Customer

[main] 2021-08-18 02:17:19 INFO  com.revature.Main  - Enter 3 to register as a Customer

[main] 2021-08-18 02:17:19 INFO  com.revature.Main  - Enter 4 to exit

[main] 2021-08-18 02:17:21 INFO  com.revature.Main  - Enter your email id

[main] 2021-08-18 02:17:25 INFO  com.revature.dao.impl.CustomerDaoImpl  - Invalid email id
[main] 2021-08-18 02:17:25 INFO  com.revature.Main  - Enter "Yes" if you wish to continue 

[main] 2021-08-18 02:17:25 INFO  com.revature.Main  - Enter "No" if you do not wish to continue

[main] 2021-08-18 02:17:33 INFO  com.revature.Main  - Enter your email id

[main] 2021-08-18 02:17:42 INFO  com.revature.Main  - Enter your password

[main] 2021-08-18 02:17:53 INFO  com.revature.Main  - Welcome, what you want to do today?

[main] 2021-08-18 02:17:53 INFO  com.revature.Main  - Enter 1 to view the list of products available

[main] 2021-08-18 02:17:53 INFO  com.revature.Main  - Enter 2 to add a product to the cart

[main] 2021-08-18 02:17:53 INFO  com.revature.Main  - Enter 3 to view your cart

[main] 2021-08-18 02:17:53 INFO  com.revature.Main  - Enter 4 to place an order

[main] 2021-08-18 02:17:53 INFO  com.revature.Main  - Enter 5 to go the customer login page

